# JRE version: OpenJDK Runtime Environment (8.0_202-b03) (build 1.8.0_202-release-1483-b03)
# Java VM: OpenJDK 64-Bit Server VM (25.202-b03 mixed mode windows-amd64 compressed oops)
Heap:
 PSYoungGen      total 458240K, used 347552K [0x00000000e0000000, 0x00000000ff800000, 0x0000000100000000)
  eden space 410624K, 80% used [0x00000000e0000000,0x00000000f43b7348,0x00000000f9100000)
  from space 47616K, 33% used [0x00000000fc980000,0x00000000fd930f50,0x00000000ff800000)
  to   space 52736K, 0% used [0x00000000f9100000,0x00000000f9100000,0x00000000fc480000)
 ParOldGen       total 331776K, used 202448K [0x00000000a0000000, 0x00000000b4400000, 0x00000000e0000000)
  object space 331776K, 61% used [0x00000000a0000000,0x00000000ac5b4160,0x00000000b4400000)
 Metaspace       used 210931K, capacity 223310K, committed 248024K, reserved 1265664K
  class space    used 25987K, capacity 28291K, committed 32000K, reserved 1048576K
GC Heap History (10 events):
Event: 6490.684 GC heap before
{Heap before GC invocations=92 (full 8):
 PSYoungGen      total 472064K, used 440244K [0x00000000e0000000, 0x00000000ffd00000, 0x0000000100000000)
  eden space 423936K, 100% used [0x00000000e0000000,0x00000000f9e00000,0x00000000f9e00000)
  from space 48128K, 33% used [0x00000000f9e00000,0x00000000faded240,0x00000000fcd00000)
  to   space 45056K, 0% used [0x00000000fd100000,0x00000000fd100000,0x00000000ffd00000)
 ParOldGen       total 331776K, used 140590K [0x00000000a0000000, 0x00000000b4400000, 0x00000000e0000000)
  object space 331776K, 42% used [0x00000000a0000000,0x00000000a894ba60,0x00000000b4400000)
 Metaspace       used 206763K, capacity 218728K, committed 248024K, reserved 1265664K
  class space    used 25586K, capacity 27762K, committed 32000K, reserved 1048576K
Event: 6490.850 GC heap after
Heap after GC invocations=92 (full 8):
 PSYoungGen      total 442368K, used 45054K [0x00000000e0000000, 0x0000000100000000, 0x0000000100000000)
  eden space 397312K, 0% used [0x00000000e0000000,0x00000000e0000000,0x00000000f8400000)
  from space 45056K, 99% used [0x00000000fd100000,0x00000000ffcff9b0,0x00000000ffd00000)
  to   space 63488K, 0% used [0x00000000f8400000,0x00000000f8400000,0x00000000fc200000)
 ParOldGen       total 331776K, used 168919K [0x00000000a0000000, 0x00000000b4400000, 0x00000000e0000000)
  object space 331776K, 50% used [0x00000000a0000000,0x00000000aa4f5fe0,0x00000000b4400000)
 Metaspace       used 206763K, capacity 218728K, committed 248024K, reserved 1265664K
  class space    used 25586K, capacity 27762K, committed 32000K, reserved 1048576K
}
Event: 7496.261 GC heap before
{Heap before GC invocations=93 (full 8):
 PSYoungGen      total 442368K, used 442366K [0x00000000e0000000, 0x0000000100000000, 0x0000000100000000)
  eden space 397312K, 100% used [0x00000000e0000000,0x00000000f8400000,0x00000000f8400000)
  from space 45056K, 99% used [0x00000000fd100000,0x00000000ffcff9b0,0x00000000ffd00000)
  to   space 63488K, 0% used [0x00000000f8400000,0x00000000f8400000,0x00000000fc200000)
 ParOldGen       total 331776K, used 168919K [0x00000000a0000000, 0x00000000b4400000, 0x00000000e0000000)
  object space 331776K, 50% used [0x00000000a0000000,0x00000000aa4f5fe0,0x00000000b4400000)
 Metaspace       used 206906K, capacity 219032K, committed 248024K, reserved 1265664K
  class space    used 25595K, capacity 27778K, committed 32000K, reserved 1048576K
Event: 7496.376 GC heap after
Heap after GC invocations=93 (full 8):
 PSYoungGen      total 460800K, used 13440K [0x00000000e0000000, 0x0000000100000000, 0x0000000100000000)
  eden space 397312K, 0% used [0x00000000e0000000,0x00000000e0000000,0x00000000f8400000)
  from space 63488K, 21% used [0x00000000f8400000,0x00000000f9120040,0x00000000fc200000)
  to   space 60928K, 0% used [0x00000000fc480000,0x00000000fc480000,0x0000000100000000)
 ParOldGen       total 331776K, used 200363K [0x00000000a0000000, 0x00000000b4400000, 0x00000000e0000000)
  object space 331776K, 60% used [0x00000000a0000000,0x00000000ac3aae80,0x00000000b4400000)
 Metaspace       used 206906K, capacity 219032K, committed 248024K, reserved 1265664K
  class space    used 25595K, capacity 27778K, committed 32000K, reserved 1048576K
}
Event: 7973.555 GC heap before
{Heap before GC invocations=94 (full 8):
 PSYoungGen      total 460800K, used 410752K [0x00000000e0000000, 0x0000000100000000, 0x0000000100000000)
  eden space 397312K, 100% used [0x00000000e0000000,0x00000000f8400000,0x00000000f8400000)
  from space 63488K, 21% used [0x00000000f8400000,0x00000000f9120040,0x00000000fc200000)
  to   space 60928K, 0% used [0x00000000fc480000,0x00000000fc480000,0x0000000100000000)
 ParOldGen       total 331776K, used 200363K [0x00000000a0000000, 0x00000000b4400000, 0x00000000e0000000)
  object space 331776K, 60% used [0x00000000a0000000,0x00000000ac3aae80,0x00000000b4400000)
 Metaspace       used 208012K, capacity 220202K, committed 248024K, reserved 1265664K
  class space    used 25700K, capacity 27915K, committed 32000K, reserved 1048576K
Event: 7973.592 GC heap after
Heap after GC invocations=94 (full 8):
 PSYoungGen      total 452096K, used 15531K [0x00000000e0000000, 0x00000000ff780000, 0x0000000100000000)
  eden space 399872K, 0% used [0x00000000e0000000,0x00000000e0000000,0x00000000f8680000)
  from space 52224K, 29% used [0x00000000fc480000,0x00000000fd3aaf08,0x00000000ff780000)
  to   space 57856K, 0% used [0x00000000f8680000,0x00000000f8680000,0x00000000fbf00000)
 ParOldGen       total 331776K, used 202440K [0x00000000a0000000, 0x00000000b4400000, 0x00000000e0000000)
  object space 331776K, 61% used [0x00000000a0000000,0x00000000ac5b2160,0x00000000b4400000)
 Metaspace       used 208012K, capacity 220202K, committed 248024K, reserved 1265664K
  class space    used 25700K, capacity 27915K, committed 32000K, reserved 1048576K
}
Event: 8026.167 GC heap before
{Heap before GC invocations=95 (full 8):
 PSYoungGen      total 452096K, used 415403K [0x00000000e0000000, 0x00000000ff780000, 0x0000000100000000)
  eden space 399872K, 100% used [0x00000000e0000000,0x00000000f8680000,0x00000000f8680000)
  from space 52224K, 29% used [0x00000000fc480000,0x00000000fd3aaf08,0x00000000ff780000)
  to   space 57856K, 0% used [0x00000000f8680000,0x00000000f8680000,0x00000000fbf00000)
 ParOldGen       total 331776K, used 202440K [0x00000000a0000000, 0x00000000b4400000, 0x00000000e0000000)
  object space 331776K, 61% used [0x00000000a0000000,0x00000000ac5b2160,0x00000000b4400000)
 Metaspace       used 209136K, capacity 221386K, committed 248024K, reserved 1265664K
  class space    used 25812K, capacity 28065K, committed 32000K, reserved 1048576K
Event: 8026.344 GC heap after
Heap after GC invocations=95 (full 8):
 PSYoungGen      total 457728K, used 9798K [0x00000000e0000000, 0x0000000100000000, 0x0000000100000000)
  eden space 399872K, 0% used [0x00000000e0000000,0x00000000e0000000,0x00000000f8680000)
  from space 57856K, 16% used [0x00000000f8680000,0x00000000f9011a30,0x00000000fbf00000)
  to   space 55808K, 0% used [0x00000000fc980000,0x00000000fc980000,0x0000000100000000)
 ParOldGen       total 331776K, used 202440K [0x00000000a0000000, 0x00000000b4400000, 0x00000000e0000000)
  object space 331776K, 61% used [0x00000000a0000000,0x00000000ac5b2160,0x00000000b4400000)
 Metaspace       used 209136K, capacity 221386K, committed 248024K, reserved 1265664K
  class space    used 25812K, capacity 28065K, committed 32000K, reserved 1048576K
}
Event: 8040.035 GC heap before
{Heap before GC invocations=96 (full 8):
 PSYoungGen      total 457728K, used 409670K [0x00000000e0000000, 0x0000000100000000, 0x0000000100000000)
  eden space 399872K, 100% used [0x00000000e0000000,0x00000000f8680000,0x00000000f8680000)
  from space 57856K, 16% used [0x00000000f8680000,0x00000000f9011a30,0x00000000fbf00000)
  to   space 55808K, 0% used [0x00000000fc980000,0x00000000fc980000,0x0000000100000000)
 ParOldGen       total 331776K, used 202440K [0x00000000a0000000, 0x00000000b4400000, 0x00000000e0000000)
  object space 331776K, 61% used [0x00000000a0000000,0x00000000ac5b2160,0x00000000b4400000)
 Metaspace       used 210221K, capacity 222568K, committed 248024K, reserved 1265664K
  class space    used 25918K, capacity 28204K, committed 32000K, reserved 1048576K
Event: 8040.067 GC heap after
Heap after GC invocations=96 (full 8):
 PSYoungGen      total 458240K, used 16067K [0x00000000e0000000, 0x00000000ff800000, 0x0000000100000000)
  eden space 410624K, 0% used [0x00000000e0000000,0x00000000e0000000,0x00000000f9100000)
  from space 47616K, 33% used [0x00000000fc980000,0x00000000fd930f50,0x00000000ff800000)
  to   space 52736K, 0% used [0x00000000f9100000,0x00000000f9100000,0x00000000fc480000)
 ParOldGen       total 331776K, used 202448K [0x00000000a0000000, 0x00000000b4400000, 0x00000000e0000000)
  object space 331776K, 61% used [0x00000000a0000000,0x00000000ac5b4160,0x00000000b4400000)
 Metaspace       used 210221K, capacity 222568K, committed 248024K, reserved 1265664K
  class space    used 25918K, capacity 28204K, committed 32000K, reserved 1048576K
}

